### ISSUE TITLE
ippserver crashes when processing Cancel-Jobs operation

### ISSUE THREAD

**Issue by michaelrsweet** [istopwg/ippsample#190]
Recent testing for the new JOBEXT 2.0 spec shows that the Cancel-Jobs operation in ippserver is crashing for some reason.

**Comment by harrypale** [comment]
Hi, here is some debug of ippserver (with GEF plugin for GDB):

2021-03-18T15:54:47.422Z  serverRun: Incoming connection on listener lab-virtual-machine:631.
2021-03-18T15:54:47.422Z  [Client 1] Accepted connection from "localhost".
[New Thread 0x7ffff1bd3700 (LWP 4816)]
2021-03-18T15:54:47.423Z  Cleaning old jobs.
2021-03-18T15:54:47.423Z  [Printer nomeStampante] Cleaning jobs, 0 completed jobs in memory...
2021-03-18T15:54:47.425Z  [Client 1] POST /ipp/print
2021-03-18T15:54:47.425Z  [Client 1] Continue
2021-03-18T15:54:47.425Z  [Client 1] Request: version=1.1
2021-03-18T15:54:47.425Z  [Client 1] Request: operation-id=Cancel-Jobs(0038)
2021-03-18T15:54:47.425Z  [Client 1] Request: request-id=52473
2021-03-18T15:54:47.425Z  [Client 1] Request: operation-attributes-tag
2021-03-18T15:54:47.425Z  [Client 1] Request: attributes-charset (charset) utf-8
2021-03-18T15:54:47.425Z  [Client 1] Request: attributes-natural-language (naturalLanguage) en
2021-03-18T15:54:47.425Z  [Client 1] Request: printer-uri (uri) ipp://127.0.0.1:631/ipp/print
2021-03-18T15:54:47.425Z  [Client 1] Request: requesting-user-name (nameWithoutLanguage) harrypale
2021-03-18T15:54:47.425Z  [Client 1] Request: document-format (mimeMediaType) text/plain
2021-03-18T15:54:47.425Z  [Client 1] Request: job-attributes-tag
2021-03-18T15:54:47.425Z  [Client 1] Request: copies (integer) 1
2021-03-18T15:54:47.425Z  [Client 1] No authenticated user name, not authorized.
2021-03-18T15:54:47.425Z  [Client 1] Forbidden

Thread 3 "ippserver" received signal SIGSEGV, Segmentation fault.
[Switching to Thread 0x7ffff1bd3700 (LWP 4816)]

[ Legend: Modified register | Code | Heap | Stack | String ]
─────────────────────────────────────────────────────────────────────────────────────────────────────────────────────────────────────────────────────────────────────────────── registers ────
$rax   : 0x193             
$rbx   : 0x000000000055bf00  →  "text/plain"
$rcx   : 0x2               
$rdx   : 0x00007fffe40008d0  →  0x0000000000000002
$rsp   : 0x00007ffff1bc5b38  →  0x0000000000412125  →  <serverRespondHTTP+933> test eax, eax
$rbp   : 0x193             
$rsi   : 0x000000000055bf0b  →  0x6142006369736142 ("Basic"?)
$rdi   : 0x0               
$rip   : 0x000000000053c418  →  <_cups_strcasecmp+56> mov dl, BYTE PTR [rdi]
$r8    : 0xffff            
$r9    : 0x9               
$r10   : 0xfffffff7        
$r11   : 0x000000000055befe  →   or al, BYTE PTR [rax]
$r12   : 0x00000000007c69e0  →  0x0000000000000001
$r13   : 0x00000000007c69e0  →  0x0000000000000001
$r14   : 0x10              
$r15   : 0x0               
$eflags: [ZERO carry PARITY adjust sign trap INTERRUPT direction overflow RESUME virtualx86 identification]
$cs: 0x0033 $ss: 0x002b $ds: 0x0000 $es: 0x0000 $fs: 0x0000 $gs: 0x0000 
─────────────────────────────────────────────────────────────────────────────────────────────────────────────────────────────────────────────────────────────────────────────────── stack ────
0x00007ffff1bc5b38│+0x0000: 0x0000000000412125  →  <serverRespondHTTP+933> test eax, eax	 ← $rsp
0x00007ffff1bc5b40│+0x0008: 0x000000000057043e  →  "Forbidden"
0x00007ffff1bc5b48│+0x0010: 0x0000000000000000
0x00007ffff1bc5b50│+0x0018: 0x0000000000000000
0x00007ffff1bc5b58│+0x0020: 0x0000000000000000
0x00007ffff1bc5b60│+0x0028: 0x0000000000000000
0x00007ffff1bc5b68│+0x0030: 0x0000000000000000
0x00007ffff1bc5b70│+0x0038: 0x0000000000000000
───────────────────────────────────────────────────────────────────────────────────────────────────────────────────────────────────────────────────────────────────────────── code:x86:64 ────
     0x53c407 <_cups_strcasecmp+39> mov    rcx, QWORD PTR [rsp+0x8]
     0x53c40c <_cups_strcasecmp+44> mov    rdx, QWORD PTR [rsp]
     0x53c410 <_cups_strcasecmp+48> lea    rsp, [rsp+0x98]
 →   0x53c418 <_cups_strcasecmp+56> mov    dl, BYTE PTR [rdi]
     0x53c41a <_cups_strcasecmp+58> mov    r9b, BYTE PTR [rsi]
     0x53c41d <_cups_strcasecmp+61> test   r9b, r9b
     0x53c420 <_cups_strcasecmp+64> sete   r8b
     0x53c424 <_cups_strcasecmp+68> test   dl, dl
     0x53c426 <_cups_strcasecmp+70> je     0x53c5e8 <_cups_strcasecmp+520>
───────────────────────────────────────────────────────────────────────────────────────────────────────────────────────────────────────────────────────────────────── source:string.c+623 ────
    618	 
    619	 int				/* O - Result of comparison (-1, 0, or 1) */
    620	 _cups_strcasecmp(const char *s,	/* I - First string */
    621	                  const char *t)	/* I - Second string */
    622	 {
 →  623	   while (*s != '\0' && *t != '\0')
    624	   {
    625	     if (_cups_tolower(*s) < _cups_tolower(*t))
    626	       return (-1);
    627	     else if (_cups_tolower(*s) > _cups_tolower(*t))
    628	       return (1);
───────────────────────────────────────────────────────────────────────────────────────────────────────────────────────────────────────────────────────────────────────────────── threads ────
[#0] Id 1, Name: "ippserver", stopped 0x7ffff5f73e1f in __GI___select (), reason: SIGSEGV
[#1] Id 2, Name: "ippserver", stopped 0x7ffff5f71cb9 in __GI___poll (), reason: SIGSEGV
[#2] Id 3, Name: "ippserver", stopped 0x53c418 in _cups_strcasecmp (), reason: SIGSEGV
─────────────────────────────────────────────────────────────────────────────────────────────────────────────────────────────────────────────────────────────────────────────────── trace ────
[#0] 0x53c418 → _cups_strcasecmp(s=0x0, t=0x55bf0b "Basic")
[#1] 0x412125 → serverRespondHTTP(client=0x7c69e0, code=HTTP_STATUS_FORBIDDEN, content_encoding=0x0, type=<optimized out>, length=0x10)
[#2] 0x4547d7 → ipp_cancel_jobs(client=0x7c69e0)
[#3] 0x433220 → serverProcessIPP(client=0x7c69e0)
[#4] 0x40b53c → serverProcessHTTP(client=0x7c69e0)
[#5] 0x4093ec → serverProcessClient(client=0x7c69e0)
[#6] 0x7ffff721b6db → start_thread(arg=0x7ffff1bd3700)
[#7] 0x7ffff5f7e71f → clone()
──────────────────────────────────────────────────────────────────────────────────────────────────────────────────────────────────────────────────────────────────────────────────────────────
0x000000000053c418 in _cups_strcasecmp (s=0x0, t=0x55bf0b "Basic") at string.c:623
623	  while (*s != '\0' && *t != '\0')

**Comment by michaelrsweet** [comment]
This appears to now be fixed.
